Arguments: 
  C:\Program Files\nodejs\node.exe C:\Program Files (x86)\Yarn\bin\yarn.js add next@latest react@latest react-dom@latest eslint-config-next@latest

PATH: 
  C:\Python312\Scripts\;C:\Python312\;C:\Python311\Scripts\;C:\Python311\;C:\Program Files\Common Files\Oracle\Java\javapath;C:\WINDOWS\system32;C:\WINDOWS;C:\WINDOWS\System32\Wbem;C:\WINDOWS\System32\WindowsPowerShell\v1.0\;C:\WINDOWS\System32\OpenSSH\;C:\Program Files\Microsoft SQL Server\150\Tools\Binn\;C:\Program Files\Microsoft SQL Server\Client SDK\ODBC\170\Tools\Binn\;C:\Program Files\dotnet\;C:\Users\17156\.cargo\bin;C:\Program Files\Git\cmd;C:\Gradle\gradle-8.0\bin;C:\ProgramData\chocolatey\bin;C:\Program Files (x86)\Yarn\bin\;C:\Program Files\nodejs\;C:\Users\17156\.cargo\bin;C:\Users\17156\AppData\Local\Microsoft\WindowsApps;;C:\Users\17156\AppData\Local\Programs\Microsoft VS Code\bin;C:\Users\17156\.dotnet\tools;C:\Users\17156\AppData\Roaming\TinyTeX\bin\win32;C:\Users\17156\AppData\Local\Yarn\bin;C:\Users\17156\AppData\Roaming\npm

Yarn version: 
  1.22.19

Node version: 
  21.1.0

Platform: 
  win32 x64

Trace: 
  Error: EPERM: operation not permitted, unlink 'C:\Users\17156\CSCI4961\lrda_website\node_modules\@next\swc-win32-x64-msvc\next-swc.win32-x64-msvc.node'

npm manifest: 
  {
    "name": "lrda_website",
    "version": "0.1.0",
    "private": true,
    "scripts": {
      "dev": "next dev",
      "build": "next build",
      "start": "next start",
      "lint": "next lint",
      "test": "jest"
    },
    "dependencies": {
      "@babel/core": "^7.23.0",
      "@babel/preset-env": "^7.22.20",
      "@babel/preset-react": "^7.22.15",
      "@babel/preset-typescript": "^7.23.0",
      "@lexical/react": "^0.12.2",
      "@radix-ui/react-icons": "^1.3.0",
      "@radix-ui/react-slot": "^1.0.2",
      "@testing-library/jest-dom": "^6.1.4",
      "@testing-library/react": "^14.0.0",
      "@types/enzyme-adapter-react-16": "^1.0.7",
      "@types/jest": "^29.5.5",
      "@types/moxios": "^0.4.16",
      "@types/node": "20.6.2",
      "@types/react": "18.2.22",
      "@types/react-dom": "18.2.7",
      "autoprefixer": "10.4.15",
      "axios": "^1.5.1",
      "babel-jest": "^29.7.0",
      "class-variance-authority": "^0.7.0",
      "clsx": "^2.0.0",
      "create-next-app": "^13.4.19",
      "draft-js": "^0.11.7",
      "draft-js-export-html": "^1.4.1",
      "draft-js-import-html": "^1.4.1",
      "enzyme": "^3.11.0",
      "enzyme-adapter-react-16": "^1.15.7",
      "identity-obj-proxy": "^3.0.0",
      "jest": "^29.7.0",
      "jest-environment-jsdom": "^29.7.0",
      "jest-enzyme": "^4.2.0",
      "jest-fetch-mock": "^3.0.3",
      "lexical": "^0.12.2",
      "lucide-react": "^0.292.0",
      "moxios": "^0.4.0",
      "next": "^13.5.1",
      "postcss": "^8.4.31",
      "react": "^18.2.0",
      "react-dom": "^18.2.0",
      "react-test-renderer": "^18.2.0",
      "tailwind-merge": "^2.0.0",
      "tailwindcss": "3.3.3",
      "tailwindcss-animate": "^1.0.7",
      "ts-jest": "^29.1.1",
      "typescript": "5.2.2"
    },
    "devDependencies": {
      "@types/draft-js": "^0.11.13"
    }
  }

yarn manifest: 
  No manifest

Lockfile: 
  No lockfile
